c:\users\liamdebell\source\repos\guadalajara\guadalajara\debug\vc142.pdb
c:\users\liamdebell\source\repos\guadalajara\guadalajara\debug\vc142.idb
c:\users\liamdebell\source\repos\guadalajara\guadalajara\debug\patternscanning.obj
c:\users\liamdebell\source\repos\guadalajara\guadalajara\debug\menu.obj
c:\users\liamdebell\source\repos\guadalajara\guadalajara\debug\interfaces.obj
c:\users\liamdebell\source\repos\guadalajara\guadalajara\debug\dllmain.obj
c:\users\liamdebell\source\repos\guadalajara\guadalajara\debug\imgui_widgets.obj
c:\users\liamdebell\source\repos\guadalajara\guadalajara\debug\imgui_tables.obj
c:\users\liamdebell\source\repos\guadalajara\guadalajara\debug\imgui_impl_win32.obj
c:\users\liamdebell\source\repos\guadalajara\guadalajara\debug\imgui_impl_dx9.obj
c:\users\liamdebell\source\repos\guadalajara\guadalajara\debug\imgui_draw.obj
c:\users\liamdebell\source\repos\guadalajara\guadalajara\debug\imgui_demo.obj
c:\users\liamdebell\source\repos\guadalajara\guadalajara\debug\imgui.obj
c:\users\liamdebell\source\repos\guadalajara\debug\guadalajara.dll
c:\users\liamdebell\source\repos\guadalajara\debug\guadalajara.ilk
c:\users\liamdebell\source\repos\guadalajara\debug\guadalajara.pdb
c:\users\liamdebell\source\repos\guadalajara\guadalajara\debug\guadalajara.tlog\cl.command.1.tlog
c:\users\liamdebell\source\repos\guadalajara\guadalajara\debug\guadalajara.tlog\cl.read.1.tlog
c:\users\liamdebell\source\repos\guadalajara\guadalajara\debug\guadalajara.tlog\cl.write.1.tlog
c:\users\liamdebell\source\repos\guadalajara\guadalajara\debug\guadalajara.tlog\link.command.1.tlog
c:\users\liamdebell\source\repos\guadalajara\guadalajara\debug\guadalajara.tlog\link.read.1.tlog
c:\users\liamdebell\source\repos\guadalajara\guadalajara\debug\guadalajara.tlog\link.write.1.tlog
